# JRE version: Java(TM) SE Runtime Environment (8.0_331-b09) (build 1.8.0_331-b09)
# Java VM: Java HotSpot(TM) 64-Bit Server VM (25.331-b09 mixed mode windows-amd64 compressed oops)
Heap:
 PSYoungGen      total 405504K, used 129735K [0x000000076bd80000, 0x000000078df00000, 0x00000007c0000000)
  eden space 367616K, 27% used [0x000000076bd80000,0x00000007720bd5f8,0x0000000782480000)
  from space 37888K, 74% used [0x0000000782480000,0x0000000783ff4730,0x0000000784980000)
  to   space 39936K, 0% used [0x000000078b800000,0x000000078b800000,0x000000078df00000)
 ParOldGen       total 198144K, used 74874K [0x00000006c3800000, 0x00000006cf980000, 0x000000076bd80000)
  object space 198144K, 37% used [0x00000006c3800000,0x00000006c811ead0,0x00000006cf980000)
 Metaspace       used 85877K, capacity 90672K, committed 90840K, reserved 1128448K
  class space    used 10721K, capacity 11494K, committed 11520K, reserved 1048576K
GC Heap History (10 events):
Event: 22.109 GC heap before
{Heap before GC invocations=12 (full 3):
 PSYoungGen      total 283648K, used 267264K [0x000000076bd80000, 0x000000077e680000, 0x00000007c0000000)
  eden space 267264K, 100% used [0x000000076bd80000,0x000000077c280000,0x000000077c280000)
  from space 16384K, 0% used [0x000000077d680000,0x000000077d680000,0x000000077e680000)
  to   space 18432K, 0% used [0x000000077c280000,0x000000077c280000,0x000000077d480000)
 ParOldGen       total 198144K, used 30211K [0x00000006c3800000, 0x00000006cf980000, 0x000000076bd80000)
  object space 198144K, 15% used [0x00000006c3800000,0x00000006c5580eb8,0x00000006cf980000)
 Metaspace       used 65032K, capacity 68330K, committed 68440K, reserved 1107968K
  class space    used 8519K, capacity 9073K, committed 9088K, reserved 1048576K
Event: 22.121 GC heap after
Heap after GC invocations=12 (full 3):
 PSYoungGen      total 285696K, used 13108K [0x000000076bd80000, 0x0000000781800000, 0x00000007c0000000)
  eden space 267264K, 0% used [0x000000076bd80000,0x000000076bd80000,0x000000077c280000)
  from space 18432K, 71% used [0x000000077c280000,0x000000077cf4d368,0x000000077d480000)
  to   space 18432K, 0% used [0x0000000780600000,0x0000000780600000,0x0000000781800000)
 ParOldGen       total 198144K, used 30219K [0x00000006c3800000, 0x00000006cf980000, 0x000000076bd80000)
  object space 198144K, 15% used [0x00000006c3800000,0x00000006c5582eb8,0x00000006cf980000)
 Metaspace       used 65032K, capacity 68330K, committed 68440K, reserved 1107968K
  class space    used 8519K, capacity 9073K, committed 9088K, reserved 1048576K
}
Event: 23.130 GC heap before
{Heap before GC invocations=13 (full 3):
 PSYoungGen      total 285696K, used 280372K [0x000000076bd80000, 0x0000000781800000, 0x00000007c0000000)
  eden space 267264K, 100% used [0x000000076bd80000,0x000000077c280000,0x000000077c280000)
  from space 18432K, 71% used [0x000000077c280000,0x000000077cf4d368,0x000000077d480000)
  to   space 18432K, 0% used [0x0000000780600000,0x0000000780600000,0x0000000781800000)
 ParOldGen       total 198144K, used 30219K [0x00000006c3800000, 0x00000006cf980000, 0x000000076bd80000)
  object space 198144K, 15% used [0x00000006c3800000,0x00000006c5582eb8,0x00000006cf980000)
 Metaspace       used 70494K, capacity 74426K, committed 74584K, reserved 1114112K
  class space    used 9151K, capacity 9805K, committed 9856K, reserved 1048576K
Event: 23.148 GC heap after
Heap after GC invocations=13 (full 3):
 PSYoungGen      total 334336K, used 18287K [0x000000076bd80000, 0x0000000781d80000, 0x00000007c0000000)
  eden space 315904K, 0% used [0x000000076bd80000,0x000000076bd80000,0x000000077f200000)
  from space 18432K, 99% used [0x0000000780600000,0x00000007817dbf50,0x0000000781800000)
  to   space 20480K, 0% used [0x000000077f200000,0x000000077f200000,0x0000000780600000)
 ParOldGen       total 198144K, used 30235K [0x00000006c3800000, 0x00000006cf980000, 0x000000076bd80000)
  object space 198144K, 15% used [0x00000006c3800000,0x00000006c5586eb8,0x00000006cf980000)
 Metaspace       used 70494K, capacity 74426K, committed 74584K, reserved 1114112K
  class space    used 9151K, capacity 9805K, committed 9856K, reserved 1048576K
}
Event: 24.026 GC heap before
{Heap before GC invocations=14 (full 3):
 PSYoungGen      total 334336K, used 334191K [0x000000076bd80000, 0x0000000781d80000, 0x00000007c0000000)
  eden space 315904K, 100% used [0x000000076bd80000,0x000000077f200000,0x000000077f200000)
  from space 18432K, 99% used [0x0000000780600000,0x00000007817dbf50,0x0000000781800000)
  to   space 20480K, 0% used [0x000000077f200000,0x000000077f200000,0x0000000780600000)
 ParOldGen       total 198144K, used 30235K [0x00000006c3800000, 0x00000006cf980000, 0x000000076bd80000)
  object space 198144K, 15% used [0x00000006c3800000,0x00000006c5586eb8,0x00000006cf980000)
 Metaspace       used 74267K, capacity 78228K, committed 78552K, reserved 1118208K
  class space    used 9468K, capacity 10132K, committed 10240K, reserved 1048576K
Event: 24.045 GC heap after
Heap after GC invocations=14 (full 3):
 PSYoungGen      total 336384K, used 20472K [0x000000076bd80000, 0x0000000786100000, 0x00000007c0000000)
  eden space 315904K, 0% used [0x000000076bd80000,0x000000076bd80000,0x000000077f200000)
  from space 20480K, 99% used [0x000000077f200000,0x00000007805fe0c8,0x0000000780600000)
  to   space 24064K, 0% used [0x0000000784980000,0x0000000784980000,0x0000000786100000)
 ParOldGen       total 198144K, used 33075K [0x00000006c3800000, 0x00000006cf980000, 0x000000076bd80000)
  object space 198144K, 16% used [0x00000006c3800000,0x00000006c584cfd0,0x00000006cf980000)
 Metaspace       used 74267K, capacity 78228K, committed 78552K, reserved 1118208K
  class space    used 9468K, capacity 10132K, committed 10240K, reserved 1048576K
}
Event: 25.218 GC heap before
{Heap before GC invocations=15 (full 3):
 PSYoungGen      total 336384K, used 336376K [0x000000076bd80000, 0x0000000786100000, 0x00000007c0000000)
  eden space 315904K, 100% used [0x000000076bd80000,0x000000077f200000,0x000000077f200000)
  from space 20480K, 99% used [0x000000077f200000,0x00000007805fe0c8,0x0000000780600000)
  to   space 24064K, 0% used [0x0000000784980000,0x0000000784980000,0x0000000786100000)
 ParOldGen       total 198144K, used 33075K [0x00000006c3800000, 0x00000006cf980000, 0x000000076bd80000)
  object space 198144K, 16% used [0x00000006c3800000,0x00000006c584cfd0,0x00000006cf980000)
 Metaspace       used 81514K, capacity 86020K, committed 86104K, reserved 1124352K
  class space    used 10158K, capacity 10880K, committed 10880K, reserved 1048576K
Event: 25.255 GC heap after
Heap after GC invocations=15 (full 3):
 PSYoungGen      total 391680K, used 24048K [0x000000076bd80000, 0x0000000788400000, 0x00000007c0000000)
  eden space 367616K, 0% used [0x000000076bd80000,0x000000076bd80000,0x0000000782480000)
  from space 24064K, 99% used [0x0000000784980000,0x00000007860fc098,0x0000000786100000)
  to   space 37888K, 0% used [0x0000000782480000,0x0000000782480000,0x0000000784980000)
 ParOldGen       total 198144K, used 63124K [0x00000006c3800000, 0x00000006cf980000, 0x000000076bd80000)
  object space 198144K, 31% used [0x00000006c3800000,0x00000006c75a5340,0x00000006cf980000)
 Metaspace       used 81514K, capacity 86020K, committed 86104K, reserved 1124352K
  class space    used 10158K, capacity 10880K, committed 10880K, reserved 1048576K
}
Event: 25.776 GC heap before
{Heap before GC invocations=16 (full 3):
 PSYoungGen      total 391680K, used 391664K [0x000000076bd80000, 0x0000000788400000, 0x00000007c0000000)
  eden space 367616K, 100% used [0x000000076bd80000,0x0000000782480000,0x0000000782480000)
  from space 24064K, 99% used [0x0000000784980000,0x00000007860fc098,0x0000000786100000)
  to   space 37888K, 0% used [0x0000000782480000,0x0000000782480000,0x0000000784980000)
 ParOldGen       total 198144K, used 63124K [0x00000006c3800000, 0x00000006cf980000, 0x000000076bd80000)
  object space 198144K, 31% used [0x00000006c3800000,0x00000006c75a5340,0x00000006cf980000)
 Metaspace       used 82279K, capacity 86864K, committed 87000K, reserved 1126400K
  class space    used 10236K, capacity 10960K, committed 11008K, reserved 1048576K
Event: 25.816 GC heap after
Heap after GC invocations=16 (full 3):
 PSYoungGen      total 405504K, used 28113K [0x000000076bd80000, 0x000000078df00000, 0x00000007c0000000)
  eden space 367616K, 0% used [0x000000076bd80000,0x000000076bd80000,0x0000000782480000)
  from space 37888K, 74% used [0x0000000782480000,0x0000000783ff4730,0x0000000784980000)
  to   space 39936K, 0% used [0x000000078b800000,0x000000078b800000,0x000000078df00000)
 ParOldGen       total 198144K, used 74874K [0x00000006c3800000, 0x00000006cf980000, 0x000000076bd80000)
  object space 198144K, 37% used [0x00000006c3800000,0x00000006c811ead0,0x00000006cf980000)
 Metaspace       used 82279K, capacity 86864K, committed 87000K, reserved 1126400K
  class space    used 10236K, capacity 10960K, committed 11008K, reserved 1048576K
}

