# JRE version: Java(TM) SE Runtime Environment (8.0_331-b09) (build 1.8.0_331-b09)
# Java VM: Java HotSpot(TM) 64-Bit Server VM (25.331-b09 mixed mode windows-amd64 compressed oops)
Heap:
 PSYoungGen      total 279552K, used 157616K [0x000000076bd80000, 0x0000000781080000, 0x00000007c0000000)
  eden space 260608K, 55% used [0x000000076bd80000,0x0000000774b4c658,0x000000077bc00000)
  from space 18944K, 65% used [0x000000077bc00000,0x000000077c81fc60,0x000000077ce80000)
  to   space 18432K, 0% used [0x000000077fe80000,0x000000077fe80000,0x0000000781080000)
 ParOldGen       total 203264K, used 30731K [0x00000006c3800000, 0x00000006cfe80000, 0x000000076bd80000)
  object space 203264K, 15% used [0x00000006c3800000,0x00000006c5602e70,0x00000006cfe80000)
 Metaspace       used 68552K, capacity 72296K, committed 72448K, reserved 1112064K
  class space    used 9101K, capacity 9726K, committed 9728K, reserved 1048576K
GC Heap History (10 events):
Event: 2.647 GC heap before
{Heap before GC invocations=8 (full 2):
 PSYoungGen      total 186368K, used 12275K [0x000000076bd80000, 0x0000000779e80000, 0x00000007c0000000)
  eden space 173568K, 0% used [0x000000076bd80000,0x000000076bd80000,0x0000000776700000)
  from space 12800K, 95% used [0x0000000777500000,0x00000007780fcd70,0x0000000778180000)
  to   space 14336K, 0% used [0x0000000776700000,0x0000000776700000,0x0000000777500000)
 ParOldGen       total 93696K, used 8651K [0x00000006c3800000, 0x00000006c9380000, 0x000000076bd80000)
  object space 93696K, 9% used [0x00000006c3800000,0x00000006c4072cc8,0x00000006c9380000)
 Metaspace       used 33737K, capacity 35428K, committed 35496K, reserved 1081344K
  class space    used 4365K, capacity 4705K, committed 4736K, reserved 1048576K
Event: 2.675 GC heap after
Heap after GC invocations=8 (full 2):
 PSYoungGen      total 186368K, used 0K [0x000000076bd80000, 0x0000000779e80000, 0x00000007c0000000)
  eden space 173568K, 0% used [0x000000076bd80000,0x000000076bd80000,0x0000000776700000)
  from space 12800K, 0% used [0x0000000777500000,0x0000000777500000,0x0000000778180000)
  to   space 14336K, 0% used [0x0000000776700000,0x0000000776700000,0x0000000777500000)
 ParOldGen       total 142848K, used 17809K [0x00000006c3800000, 0x00000006cc380000, 0x000000076bd80000)
  object space 142848K, 12% used [0x00000006c3800000,0x00000006c4964720,0x00000006cc380000)
 Metaspace       used 33737K, capacity 35428K, committed 35496K, reserved 1081344K
  class space    used 4365K, capacity 4705K, committed 4736K, reserved 1048576K
}
Event: 4.221 GC heap before
{Heap before GC invocations=9 (full 2):
 PSYoungGen      total 186368K, used 173568K [0x000000076bd80000, 0x0000000779e80000, 0x00000007c0000000)
  eden space 173568K, 100% used [0x000000076bd80000,0x0000000776700000,0x0000000776700000)
  from space 12800K, 0% used [0x0000000777500000,0x0000000777500000,0x0000000778180000)
  to   space 14336K, 0% used [0x0000000776700000,0x0000000776700000,0x0000000777500000)
 ParOldGen       total 142848K, used 17809K [0x00000006c3800000, 0x00000006cc380000, 0x000000076bd80000)
  object space 142848K, 12% used [0x00000006c3800000,0x00000006c4964720,0x00000006cc380000)
 Metaspace       used 49452K, capacity 52038K, committed 52352K, reserved 1095680K
  class space    used 6539K, capacity 6993K, committed 7040K, reserved 1048576K
Event: 4.232 GC heap after
Heap after GC invocations=9 (full 2):
 PSYoungGen      total 187904K, used 14319K [0x000000076bd80000, 0x000000077e100000, 0x00000007c0000000)
  eden space 173568K, 0% used [0x000000076bd80000,0x000000076bd80000,0x0000000776700000)
  from space 14336K, 99% used [0x0000000776700000,0x00000007774fbf70,0x0000000777500000)
  to   space 17408K, 0% used [0x000000077d000000,0x000000077d000000,0x000000077e100000)
 ParOldGen       total 142848K, used 20374K [0x00000006c3800000, 0x00000006cc380000, 0x000000076bd80000)
  object space 142848K, 14% used [0x00000006c3800000,0x00000006c4be59b8,0x00000006cc380000)
 Metaspace       used 49452K, capacity 52038K, committed 52352K, reserved 1095680K
  class space    used 6539K, capacity 6993K, committed 7040K, reserved 1048576K
}
Event: 4.927 GC heap before
{Heap before GC invocations=10 (full 2):
 PSYoungGen      total 187904K, used 136339K [0x000000076bd80000, 0x000000077e100000, 0x00000007c0000000)
  eden space 173568K, 70% used [0x000000076bd80000,0x00000007734a8ca8,0x0000000776700000)
  from space 14336K, 99% used [0x0000000776700000,0x00000007774fbf70,0x0000000777500000)
  to   space 17408K, 0% used [0x000000077d000000,0x000000077d000000,0x000000077e100000)
 ParOldGen       total 142848K, used 20374K [0x00000006c3800000, 0x00000006cc380000, 0x000000076bd80000)
  object space 142848K, 14% used [0x00000006c3800000,0x00000006c4be59b8,0x00000006cc380000)
 Metaspace       used 56373K, capacity 59104K, committed 59136K, reserved 1099776K
  class space    used 7463K, capacity 7928K, committed 7936K, reserved 1048576K
Event: 4.936 GC heap after
Heap after GC invocations=10 (full 2):
 PSYoungGen      total 278016K, used 16237K [0x000000076bd80000, 0x000000077e100000, 0x00000007c0000000)
  eden space 260608K, 0% used [0x000000076bd80000,0x000000076bd80000,0x000000077bc00000)
  from space 17408K, 93% used [0x000000077d000000,0x000000077dfdb588,0x000000077e100000)
  to   space 18944K, 0% used [0x000000077bc00000,0x000000077bc00000,0x000000077ce80000)
 ParOldGen       total 142848K, used 20382K [0x00000006c3800000, 0x00000006cc380000, 0x000000076bd80000)
  object space 142848K, 14% used [0x00000006c3800000,0x00000006c4be79b8,0x00000006cc380000)
 Metaspace       used 56373K, capacity 59104K, committed 59136K, reserved 1099776K
  class space    used 7463K, capacity 7928K, committed 7936K, reserved 1048576K
}
Event: 4.936 GC heap before
{Heap before GC invocations=11 (full 3):
 PSYoungGen      total 278016K, used 16237K [0x000000076bd80000, 0x000000077e100000, 0x00000007c0000000)
  eden space 260608K, 0% used [0x000000076bd80000,0x000000076bd80000,0x000000077bc00000)
  from space 17408K, 93% used [0x000000077d000000,0x000000077dfdb588,0x000000077e100000)
  to   space 18944K, 0% used [0x000000077bc00000,0x000000077bc00000,0x000000077ce80000)
 ParOldGen       total 142848K, used 20382K [0x00000006c3800000, 0x00000006cc380000, 0x000000076bd80000)
  object space 142848K, 14% used [0x00000006c3800000,0x00000006c4be79b8,0x00000006cc380000)
 Metaspace       used 56373K, capacity 59104K, committed 59136K, reserved 1099776K
  class space    used 7463K, capacity 7928K, committed 7936K, reserved 1048576K
Event: 5.053 GC heap after
Heap after GC invocations=11 (full 3):
 PSYoungGen      total 278016K, used 0K [0x000000076bd80000, 0x000000077e100000, 0x00000007c0000000)
  eden space 260608K, 0% used [0x000000076bd80000,0x000000076bd80000,0x000000077bc00000)
  from space 17408K, 0% used [0x000000077d000000,0x000000077d000000,0x000000077e100000)
  to   space 18944K, 0% used [0x000000077bc00000,0x000000077bc00000,0x000000077ce80000)
 ParOldGen       total 203264K, used 30723K [0x00000006c3800000, 0x00000006cfe80000, 0x000000076bd80000)
  object space 203264K, 15% used [0x00000006c3800000,0x00000006c5600e70,0x00000006cfe80000)
 Metaspace       used 56373K, capacity 59104K, committed 59136K, reserved 1099776K
  class space    used 7463K, capacity 7928K, committed 7936K, reserved 1048576K
}
Event: 18.933 GC heap before
{Heap before GC invocations=12 (full 3):
 PSYoungGen      total 278016K, used 260608K [0x000000076bd80000, 0x000000077e100000, 0x00000007c0000000)
  eden space 260608K, 100% used [0x000000076bd80000,0x000000077bc00000,0x000000077bc00000)
  from space 17408K, 0% used [0x000000077d000000,0x000000077d000000,0x000000077e100000)
  to   space 18944K, 0% used [0x000000077bc00000,0x000000077bc00000,0x000000077ce80000)
 ParOldGen       total 203264K, used 30723K [0x00000006c3800000, 0x00000006cfe80000, 0x000000076bd80000)
  object space 203264K, 15% used [0x00000006c3800000,0x00000006c5600e70,0x00000006cfe80000)
 Metaspace       used 64586K, capacity 67854K, committed 68096K, reserved 1107968K
  class space    used 8560K, capacity 9099K, committed 9216K, reserved 1048576K
Event: 18.942 GC heap after
Heap after GC invocations=12 (full 3):
 PSYoungGen      total 279552K, used 12415K [0x000000076bd80000, 0x0000000781080000, 0x00000007c0000000)
  eden space 260608K, 0% used [0x000000076bd80000,0x000000076bd80000,0x000000077bc00000)
  from space 18944K, 65% used [0x000000077bc00000,0x000000077c81fc60,0x000000077ce80000)
  to   space 18432K, 0% used [0x000000077fe80000,0x000000077fe80000,0x0000000781080000)
 ParOldGen       total 203264K, used 30731K [0x00000006c3800000, 0x00000006cfe80000, 0x000000076bd80000)
  object space 203264K, 15% used [0x00000006c3800000,0x00000006c5602e70,0x00000006cfe80000)
 Metaspace       used 64586K, capacity 67854K, committed 68096K, reserved 1107968K
  class space    used 8560K, capacity 9099K, committed 9216K, reserved 1048576K
}

